TN:
SF:source/index.js
FNF:0
FNH:0
DA:1,1
LF:1
LH:1
BRDA:1,0,0,2
BRF:1
BRH:1
end_of_record
TN:
SF:source/library/file-system.js
FN:8,touch
FN:12,whenExists
FN:18,whenNotExists
FN:25,readAllJson
FNF:4
FNH:4
FNDA:3,touch
FNDA:2,whenExists
FNDA:2,whenNotExists
FNDA:4,readAllJson
DA:1,1
DA:2,1
DA:3,1
DA:4,1
DA:5,1
DA:6,1
DA:7,1
DA:8,1
DA:9,3
DA:10,3
DA:11,1
DA:12,1
DA:13,2
DA:14,6
DA:15,6
DA:16,2
DA:17,1
DA:18,1
DA:19,2
DA:20,6
DA:21,6
DA:22,6
DA:23,2
DA:24,1
DA:25,1
DA:26,4
DA:27,4
DA:28,4
DA:29,4
DA:30,4
DA:31,4
DA:32,4
DA:33,4
DA:34,1
DA:35,1
DA:36,1
DA:37,1
DA:38,1
DA:39,1
LF:39
LH:39
BRDA:39,0,0,2
BRDA:8,1,0,3
BRDA:12,2,0,2
BRDA:13,3,0,6
BRDA:18,4,0,2
BRDA:19,5,0,6
BRDA:21,6,0,6
BRDA:25,7,0,4
BRDA:27,8,0,4
BRDA:30,9,0,12
BRDA:31,10,0,8
BRF:11
BRH:11
end_of_record
